c:\users\werer\desktop\cs4247_1920s2_assign1_todo\cs4247_1920s2_assign1_todo\debug\vc142.pdb
c:\users\werer\desktop\cs4247_1920s2_assign1_todo\cs4247_1920s2_assign1_todo\debug\vc142.idb
c:\users\werer\desktop\cs4247_1920s2_assign1_todo\cs4247_1920s2_assign1_todo\debug\main.obj
c:\users\werer\desktop\cs4247_1920s2_assign1_todo\cs4247_1920s2_assign1_todo\debug\vbotorus.obj
c:\users\werer\desktop\cs4247_1920s2_assign1_todo\cs4247_1920s2_assign1_todo\debug\vboteapotpatch.obj
c:\users\werer\desktop\cs4247_1920s2_assign1_todo\cs4247_1920s2_assign1_todo\debug\vboteapot.obj
c:\users\werer\desktop\cs4247_1920s2_assign1_todo\cs4247_1920s2_assign1_todo\debug\vbosphere2.obj
c:\users\werer\desktop\cs4247_1920s2_assign1_todo\cs4247_1920s2_assign1_todo\debug\vbosphere.obj
c:\users\werer\desktop\cs4247_1920s2_assign1_todo\cs4247_1920s2_assign1_todo\debug\vboplane.obj
c:\users\werer\desktop\cs4247_1920s2_assign1_todo\cs4247_1920s2_assign1_todo\debug\vbomeshadj.obj
c:\users\werer\desktop\cs4247_1920s2_assign1_todo\cs4247_1920s2_assign1_todo\debug\vbomesh.obj
c:\users\werer\desktop\cs4247_1920s2_assign1_todo\cs4247_1920s2_assign1_todo\debug\vbocube.obj
c:\users\werer\desktop\cs4247_1920s2_assign1_todo\cs4247_1920s2_assign1_todo\debug\trackball.obj
c:\users\werer\desktop\cs4247_1920s2_assign1_todo\cs4247_1920s2_assign1_todo\debug\glutils.obj
c:\users\werer\desktop\cs4247_1920s2_assign1_todo\cs4247_1920s2_assign1_todo\debug\glslprogram.obj
c:\users\werer\desktop\cs4247_1920s2_assign1_todo\cs4247_1920s2_assign1_todo\debug\drawable.obj
c:\users\werer\desktop\cs4247_1920s2_assign1_todo\cs4247_1920s2_assign1_todo\debug\main.ilk
c:\users\werer\desktop\cs4247_1920s2_assign1_todo\cs4247_1920s2_assign1_todo\debug\main.exe
c:\users\werer\desktop\cs4247_1920s2_assign1_todo\cs4247_1920s2_assign1_todo\debug\main.pdb
c:\users\werer\desktop\cs4247_1920s2_assign1_todo\cs4247_1920s2_assign1_todo\debug\main.tlog\cl.command.1.tlog
c:\users\werer\desktop\cs4247_1920s2_assign1_todo\cs4247_1920s2_assign1_todo\debug\main.tlog\cl.read.1.tlog
c:\users\werer\desktop\cs4247_1920s2_assign1_todo\cs4247_1920s2_assign1_todo\debug\main.tlog\cl.write.1.tlog
c:\users\werer\desktop\cs4247_1920s2_assign1_todo\cs4247_1920s2_assign1_todo\debug\main.tlog\link.command.1.tlog
c:\users\werer\desktop\cs4247_1920s2_assign1_todo\cs4247_1920s2_assign1_todo\debug\main.tlog\link.read.1.tlog
c:\users\werer\desktop\cs4247_1920s2_assign1_todo\cs4247_1920s2_assign1_todo\debug\main.tlog\link.write.1.tlog
